<?xml version="1.0" encoding="UTF-8"?>
<!-- Generated by org.testng.reporters.JUnitReportReporter -->
<testsuite name="com.acams.ddf.testcases.SaveAsReferral" tests="1" time="115.831" ignored="0" failures="0" timestamp="27 Dec 2017 09:54:24 GMT" skipped="0" hostname="AcroLap15" errors="0">
  <testcase name="IntakePageTest" time="115.831" classname="com.acams.ddf.testcases.SaveAsReferral"/>
</testsuite> <!-- com.acams.ddf.testcases.SaveAsReferral -->
