<?xml version="1.0" encoding="UTF-8"?>
<!-- Generated by org.testng.reporters.JUnitReportReporter -->
<testsuite name="com.acams.ddf.testcases.Cms_Eligibility_Test" tests="1" time="168.473" ignored="0" failures="0" timestamp="28 Feb 2018 13:42:13 GMT" skipped="0" hostname="AcroLap15" errors="0">
  <testcase name="Cms_Eligibility_Test" time="168.473" classname="com.acams.ddf.testcases.Cms_Eligibility_Test"/>
</testsuite> <!-- com.acams.ddf.testcases.Cms_Eligibility_Test -->
