<?xml version="1.0" encoding="UTF-8"?>
<!-- Generated by org.testng.reporters.JUnitReportReporter -->
<testsuite name="com.acams.ddf.testcases.DemographicsPageTest" tests="1" time="101.490" ignored="0" failures="0" timestamp="09 Feb 2018 11:09:08 GMT" skipped="0" hostname="AcroLap15" errors="0">
  <testcase name="DemographicsPageTest" time="101.490" classname="com.acams.ddf.testcases.DemographicsPageTest"/>
</testsuite> <!-- com.acams.ddf.testcases.DemographicsPageTest -->
