<?xml version="1.0" encoding="UTF-8"?>
<!-- Generated by org.testng.reporters.JUnitReportReporter -->
<testsuite name="com.acams.ddf.testcases.RoughTesting" tests="1" time="118.394" ignored="0" failures="0" timestamp="21 Dec 2017 13:42:28 GMT" skipped="0" hostname="AcroLap15" errors="0">
  <testcase name="Rough" time="118.394" classname="com.acams.ddf.testcases.RoughTesting"/>
</testsuite> <!-- com.acams.ddf.testcases.RoughTesting -->
