<?xml version="1.0" encoding="UTF-8"?>
<!-- Generated by org.testng.reporters.JUnitReportReporter -->
<testsuite name="com.acams.ddf.testcases.Cms_Eligibility_Test" tests="1" time="198.388" ignored="0" failures="0" timestamp="27 Dec 2017 14:32:33 GMT" skipped="0" hostname="AcroLap15" errors="0">
  <testcase name="Cms_Eligibility_Test" time="198.388" classname="com.acams.ddf.testcases.Cms_Eligibility_Test"/>
</testsuite> <!-- com.acams.ddf.testcases.Cms_Eligibility_Test -->
