<?xml version="1.0" encoding="UTF-8"?>
<!-- Generated by org.testng.reporters.JUnitReportReporter -->
<testsuite name="com.acams.ddf.testcases.DemographicsPageTest" tests="1" time="106.120" ignored="0" failures="0" timestamp="05 Jan 2018 15:13:26 GMT" skipped="0" hostname="AcroLap15" errors="0">
  <testcase name="DemographicsPageTest" time="106.120" classname="com.acams.ddf.testcases.DemographicsPageTest"/>
</testsuite> <!-- com.acams.ddf.testcases.DemographicsPageTest -->
