<?xml version="1.0" encoding="UTF-8"?>
<!-- Generated by org.testng.reporters.JUnitReportReporter -->
<testsuite name="com.acams.ddf.testcases.DemographicsPageTest" tests="1" time="104.854" ignored="0" failures="0" timestamp="28 Feb 2018 13:42:13 GMT" skipped="0" hostname="AcroLap15" errors="0">
  <testcase name="DemographicsPageTest" time="104.854" classname="com.acams.ddf.testcases.DemographicsPageTest"/>
</testsuite> <!-- com.acams.ddf.testcases.DemographicsPageTest -->
