<?xml version="1.0" encoding="UTF-8"?>
<!-- Generated by org.testng.reporters.JUnitReportReporter -->
<testsuite name="com.acams.ddf.testcases.RoughTesting" tests="1" time="61.181" ignored="0" failures="0" timestamp="12 Jan 2018 13:53:49 GMT" skipped="0" hostname="AcroLap15" errors="0">
  <testcase name="Rough" time="61.181" classname="com.acams.ddf.testcases.RoughTesting"/>
</testsuite> <!-- com.acams.ddf.testcases.RoughTesting -->
