<?xml version="1.0" encoding="UTF-8"?>
<!-- Generated by org.testng.reporters.JUnitReportReporter -->
<testsuite name="com.acams.ddf.testcases.DemographicsPageTest" tests="1" time="97.387" ignored="0" failures="0" timestamp="23 Jan 2018 11:40:01 GMT" skipped="0" hostname="AcroLap15" errors="0">
  <testcase name="DemographicsPageTest" time="97.387" classname="com.acams.ddf.testcases.DemographicsPageTest"/>
</testsuite> <!-- com.acams.ddf.testcases.DemographicsPageTest -->
