<?xml version="1.0" encoding="UTF-8"?>
<!-- Generated by org.testng.reporters.JUnitReportReporter -->
<testsuite name="com.acams.ddf.testcases.RoughTesting" tests="1" time="124.679" ignored="0" failures="0" timestamp="27 Dec 2017 09:15:28 GMT" skipped="0" hostname="AcroLap15" errors="0">
  <testcase name="Rough" time="124.679" classname="com.acams.ddf.testcases.RoughTesting"/>
</testsuite> <!-- com.acams.ddf.testcases.RoughTesting -->
