<?xml version="1.0" encoding="UTF-8"?>
<!-- Generated by org.testng.reporters.JUnitReportReporter -->
<testsuite name="com.acams.ddf.testcases.IntakePageTest" tests="1" time="160.978" ignored="0" failures="0" timestamp="05 Feb 2018 12:46:51 GMT" skipped="0" hostname="AcroLap15" errors="0">
  <testcase name="IntakePageTest" time="160.978" classname="com.acams.ddf.testcases.IntakePageTest"/>
</testsuite> <!-- com.acams.ddf.testcases.IntakePageTest -->
