<?xml version="1.0" encoding="UTF-8"?>
<!-- Generated by org.testng.reporters.JUnitReportReporter -->
<testsuite name="com.acams.ddf.testcases.LoginTest" tests="1" time="14.285" ignored="0" failures="0" timestamp="05 Jan 2018 15:13:26 GMT" skipped="0" hostname="AcroLap15" errors="0">
  <testcase name="LoginTest" time="14.285" classname="com.acams.ddf.testcases.LoginTest"/>
</testsuite> <!-- com.acams.ddf.testcases.LoginTest -->
