<?xml version="1.0" encoding="UTF-8"?>
<!-- Generated by org.testng.reporters.JUnitReportReporter -->
<testsuite name="com.acams.ddf.testcases.LoginTest" tests="1" time="15.969" ignored="0" failures="0" timestamp="05 Jan 2018 14:50:33 GMT" skipped="0" hostname="AcroLap15" errors="0">
  <testcase name="LoginTest" time="15.969" classname="com.acams.ddf.testcases.LoginTest"/>
</testsuite> <!-- com.acams.ddf.testcases.LoginTest -->
