<?xml version="1.0" encoding="UTF-8"?>
<!-- Generated by org.testng.reporters.JUnitReportReporter -->
<testsuite name="com.acams.ddf.testcases.LoginTest" tests="1" time="12.984" ignored="0" failures="0" timestamp="15 Jan 2018 07:28:31 GMT" skipped="0" hostname="AcroLap15" errors="0">
  <testcase name="LoginTest" time="12.984" classname="com.acams.ddf.testcases.LoginTest"/>
</testsuite> <!-- com.acams.ddf.testcases.LoginTest -->
