<?xml version="1.0" encoding="UTF-8"?>
<!-- Generated by org.testng.reporters.JUnitReportReporter -->
<testsuite name="com.acams.ddf.testcases.LoginTest" tests="1" time="10.968" ignored="0" failures="0" timestamp="22 Jan 2018 12:15:20 GMT" skipped="0" hostname="AcroLap15" errors="0">
  <testcase name="LoginTest" time="10.968" classname="com.acams.ddf.testcases.LoginTest"/>
</testsuite> <!-- com.acams.ddf.testcases.LoginTest -->
