<?xml version="1.0" encoding="UTF-8"?>
<!-- Generated by org.testng.reporters.JUnitReportReporter -->
<testsuite name="com.acams.ddf.testcases.LoginTest" tests="1" time="33.530" ignored="0" failures="0" timestamp="06 Feb 2018 08:36:42 GMT" skipped="0" hostname="AcroLap15" errors="0">
  <testcase name="LoginTest" time="33.530" classname="com.acams.ddf.testcases.LoginTest"/>
</testsuite> <!-- com.acams.ddf.testcases.LoginTest -->
