<?xml version="1.0" encoding="UTF-8"?>
<!-- Generated by org.testng.reporters.JUnitReportReporter -->
<testsuite name="com.acams.ddf.testcases.IntakePageTest" tests="1" time="125.052" ignored="0" failures="0" timestamp="22 Jan 2018 12:15:20 GMT" skipped="0" hostname="AcroLap15" errors="0">
  <testcase name="IntakePageTest" time="125.052" classname="com.acams.ddf.testcases.IntakePageTest"/>
</testsuite> <!-- com.acams.ddf.testcases.IntakePageTest -->
